<?xml version="1.0" encoding="UTF-8"?>
<!-- Generated by org.testng.reporters.JUnitReportReporter -->
<testsuite skipped="0" hostname="CL-NB-554" name="test.Test1" tests="1" failures="0" timestamp="20 ago 2019 21:40:29 GMT" time="19.508" errors="0">
  <testcase name="prueba" time="19.508" classname="test.Test1"/>
</testsuite> <!-- test.Test1 -->
